+5.9874 
+5.9868 
+5.9854 
-0.0004 
+0.0004 
+5.9888 
+25.0015 
-0.0020 
+5.9907 
+49.9977 
-0.0037 
+5.9843 
+0.0003 
-24.9964 
+5.9839 
+49.9954 
-24.9962 
+5.9857 
-0.0026 
-49.9951 
+5.9864 
+24.9957 
-49.9934 
+5.9865 
+49.9955 
-49.9944 
+5.9925 
+0.0003 
+0.0004 
+5.9923 
+25.0007 
-0.0007 
+5.9922 
+50.0020 
+0.0007 
+5.9919 
-0.0003 
-24.9950 
+5.9886 
+49.9977 
-24.9951 
+5.9929 
-0.0012 
-49.9927 
+5.9911 
+24.9967 
-49.9929 
+5.9916 
+49.9944 
-49.9943 
+5.9958 
+0.0003 
+0.0000 
+5.9954 
+25.0010 
-0.0011 
+5.9944 
+50.0018 
+0.0009 
+5.9953 
-0.0005 
-24.9961 
+5.9940 
+49.9990 
-24.9969 
+5.9952 
-0.0012 
-49.9948 
+5.9952 
+24.9983 
-49.9940 
+5.9943 
+49.9973 
-49.9952 
+1.9964 
+13.9970 
-16.9953 
+1.9964 
+22.0041 
+0.0019 
+1.9968 
-0.0002 
+0.0002 
+1.9956 
+11.0016 
-0.0008 
+1.9965 
+22.0042 
+0.0002 
+1.9949 
+0.0009 
-8.0031 
+1.9941 
+11.0005 
-8.0028 
+1.9945 
+22.0026 
-8.0040 
+1.9965 
-0.0022 
-16.0074 
+1.9951 
+10.9991 
-16.0066 
+1.9962 
+22.0016 
-16.0096 
+1.9981 
+0.0006 
-0.0001 
+1.9968 
+11.0020 
-0.0011 
+1.9976 
+22.0045 
+0.0001 
+1.9959 
+0.0012 
-8.0031 
+1.9954 
+11.0010 
-8.0033 
+1.9956 
+22.0030 
-8.0039 
+1.9970 
-0.0011 
-16.0073 
+1.9962 
+10.9999 
-16.0064 
+1.9970 
+22.0023 
-16.0094 
+1.9988 
+0.0011 
-0.0003 
+1.9982 
+11.0024 
-0.0009 
+1.9976 
+22.0001 
-0.0010 
+1.9973 
+0.0007 
-8.0029 
+1.9972 
+10.9986 
-8.0031 
+1.9966 
+21.9999 
-8.0039 
+1.9976 
-0.0022 
-16.0070 
+1.9974 
+10.9980 
-16.0061 
+1.9981 
+21.9999 
-16.0090 
+5.9910 
+1.9966 
+22.0042 
+49.9977 
+0.0004 
+22.0045 
-16.0096 
