+5.9877 
+5.9891 
+5.9877 
+0.0007 
+0.0007 
+5.9901 
+24.9987 
+0.0003 
+5.9921 
+49.9978 
+0.0005 
+5.9871 
+0.0005 
-24.9970 
+5.9911 
+50.0004 
-25.0013 
+5.9877 
+0.0015 
-49.9985 
+5.9867 
+24.9982 
-49.9970 
+5.9887 
+49.9970 
-49.9982 
+5.9930 
+0.0012 
+0.0014 
+5.9926 
+24.9990 
+0.0009 
+5.9949 
+49.9997 
+0.0009 
+5.9935 
+0.0006 
-24.9970 
+5.9924 
+49.9987 
-24.9991 
+5.9931 
+0.0011 
-49.9975 
+5.9917 
+24.9997 
-49.9965 
+5.9936 
+49.9974 
-49.9982 
+5.9972 
+0.0007 
+0.0025 
+5.9964 
+25.0004 
+0.0020 
+5.9971 
+50.0009 
+0.0017 
+5.9961 
+0.0010 
-24.9978 
+5.9960 
+49.9998 
-24.9981 
+5.9960 
+0.0010 
-49.9974 
+5.9963 
+25.0004 
-49.9976 
+5.9957 
+50.0005 
-49.9982 
+1.9959 
+14.0007 
-16.9993 
+1.9950 
+22.0000 
+0.0014 
+1.9957 
+0.0002 
-0.0001 
+1.9946 
+10.9997 
-0.0002 
+1.9958 
+22.0006 
+0.0004 
+1.9963 
+0.0001 
-8.0000 
+1.9962 
+10.9997 
-8.0000 
+1.9963 
+21.9999 
-8.0005 
+1.9980 
-0.0007 
-15.9998 
+1.9967 
+10.9991 
-15.9998 
+1.9974 
+21.9997 
-16.0009 
+1.9970 
+0.0003 
+0.0002 
+1.9957 
+11.0003 
-0.0001 
+1.9966 
+22.0005 
+0.0003 
+1.9974 
+0.0006 
-7.9997 
+1.9972 
+11.0002 
-7.9998 
+1.9973 
+22.0002 
-8.0001 
+1.9992 
+0.0003 
-15.9993 
+1.9983 
+10.9999 
-15.9994 
+1.9990 
+22.0005 
-16.0003 
+1.9976 
+0.0011 
+0.0001 
+1.9969 
+11.0005 
+0.0002 
+1.9962 
+22.0006 
+0.0002 
+1.9993 
-0.0003 
-8.0000 
+1.9991 
+10.9983 
-7.9997 
+1.9984 
+21.9978 
-7.9999 
+2.0000 
-0.0003 
-15.9989 
+1.9994 
+10.9987 
-15.9991 
+1.9999 
+21.9984 
-15.9998 
+5.9928 
+1.9975 
+22.0006 
+50.0004 
+0.0007 
+22.0006 
-16.0009 
