+5.9884 
+19.7174 
+25.6492 
+5.9857 
+50.0033 
+0.0180 
+5.9898 
-0.0008 
+0.0013 
+5.9847 
+25.0013 
+0.0015 
+5.9859 
+50.0036 
-0.0002 
+5.9857 
+0.0000 
-24.9970 
+5.9856 
+50.0008 
-24.9964 
+5.9877 
+0.0010 
-49.9962 
+5.9846 
+25.0006 
-49.9950 
+5.9851 
+49.9986 
-49.9951 
+5.9924 
+0.0028 
+0.0001 
+5.9915 
+25.0041 
+0.0008 
+5.9919 
+50.0059 
+0.0004 
+5.9920 
+0.0023 
-24.9962 
+5.9922 
+50.0024 
-24.9922 
+5.9929 
+0.0001 
-49.9964 
+5.9917 
+25.0010 
-49.9946 
+5.9919 
+50.0008 
-49.9958 
+5.9960 
-0.0002 
+0.0008 
+5.9956 
+25.0017 
+0.0018 
+5.9950 
+50.0042 
+0.0012 
+5.9957 
-0.0014 
-24.9963 
+5.9945 
+50.0030 
-24.9961 
+5.9956 
-0.0003 
-49.9962 
+5.9957 
+25.0010 
-49.9949 
+5.9954 
+50.0016 
-49.9963 
+1.9970 
+14.0025 
-17.0051 
+1.9967 
+22.0032 
+0.0035 
+1.9968 
+0.0003 
+0.0002 
+1.9960 
+11.0012 
+0.0000 
+1.9966 
+22.0033 
+0.0003 
+1.9945 
-0.0006 
-7.9979 
+1.9943 
+11.0001 
-7.9989 
+1.9939 
+22.0017 
-7.9998 
+1.9962 
-0.0033 
-15.9997 
+1.9946 
+10.9969 
-15.9984 
+1.9927 
+22.0006 
-15.9767 
+1.9981 
-0.0001 
+0.0001 
+1.9973 
+11.0010 
+0.0002 
+1.9975 
+22.0028 
-0.0003 
+1.9961 
-0.0004 
-7.9976 
+1.9957 
+10.9996 
-7.9989 
+1.9950 
+22.0013 
-7.9997 
+1.9977 
-0.0033 
-15.9994 
+1.9969 
+10.9972 
-15.9978 
+1.9940 
+21.9997 
-15.9760 
+1.9990 
+0.0002 
+0.0001 
+1.9986 
+11.0009 
-0.0001 
+1.9986 
+22.0023 
-0.0003 
+1.9972 
-0.0002 
-7.9976 
+1.9971 
+10.9996 
-7.9986 
+1.9961 
+22.0008 
-7.9995 
+1.9988 
-0.0029 
-15.9991 
+1.9979 
+10.9974 
-15.9973 
+1.9951 
+21.9994 
-15.9756 
+5.9912 
+1.9964 
+22.0033 
+50.0036 
+0.0015 
+22.0033 
-15.9997 
