+5.9882 
+5.9864 
+5.9877 
-0.0008 
-0.0008 
+5.9891 
+25.0005 
-0.0009 
+5.9896 
+50.0009 
+0.0008 
+5.9866 
+0.0011 
-25.0008 
+5.9850 
+50.0000 
-24.9993 
+5.9875 
+0.0030 
-50.0012 
+5.9868 
+25.0033 
-50.0003 
+5.9862 
+50.0001 
-50.0000 
+5.9940 
-0.0016 
+0.0000 
+5.9925 
+25.0009 
-0.0003 
+5.9930 
+50.0014 
+0.0029 
+5.9946 
+0.0017 
-25.0000 
+5.9925 
+50.0013 
-24.9976 
+5.9933 
+0.0032 
-50.0005 
+5.9928 
+25.0020 
-49.9993 
+5.9929 
+49.9997 
-49.9990 
+5.9972 
-0.0017 
+0.0003 
+5.9965 
+25.0011 
-0.0002 
+5.9968 
+50.0022 
+0.0019 
+5.9976 
+0.0005 
-25.0004 
+5.9970 
+50.0025 
-24.9994 
+5.9963 
+0.0029 
-50.0017 
+5.9966 
+25.0038 
-50.0006 
+5.9963 
+50.0024 
-50.0008 
+1.9964 
+14.0002 
-16.9973 
+1.9962 
+22.0024 
+0.0032 
+1.9965 
+0.0004 
-0.0002 
+1.9950 
+11.0007 
-0.0011 
+1.9958 
+22.0021 
-0.0001 
+1.9967 
-0.0001 
-8.0051 
+1.9972 
+10.9996 
-8.0056 
+1.9967 
+22.0002 
-8.0062 
+1.9982 
-0.0016 
-16.0088 
+1.9978 
+10.9986 
-16.0086 
+1.9983 
+22.0003 
-16.0111 
+1.9975 
+0.0009 
+0.0000 
+1.9965 
+11.0014 
-0.0012 
+1.9971 
+22.0027 
-0.0001 
+1.9984 
+0.0007 
-8.0051 
+1.9980 
+10.9997 
-8.0056 
+1.9980 
+22.0009 
-8.0064 
+1.9998 
-0.0004 
-16.0087 
+1.9992 
+10.9997 
-16.0083 
+1.9984 
+21.9981 
-16.0092 
+1.9979 
+0.0018 
-0.0009 
+1.9977 
+10.9998 
-0.0011 
+1.9981 
+22.0021 
+0.0000 
+1.9993 
+0.0001 
-8.0051 
+1.9994 
+10.9983 
-8.0050 
+1.9991 
+21.9988 
-8.0061 
+2.0006 
-0.0024 
-16.0082 
+1.9998 
+10.9971 
-16.0075 
+2.0004 
+21.9998 
-16.0107 
+5.9924 
+1.9981 
+22.0021 
+50.0009 
+0.0008 
+22.0027 
-16.0111 
