+5.9880 
+19.7119 
+25.6398 
+5.9846 
+50.0011 
+0.0201 
+5.9871 
+0.0010 
+0.0000 
+5.9841 
+25.0003 
+0.0011 
+5.9856 
+50.0016 
-0.0003 
+5.9858 
+0.0000 
-24.9960 
+5.9842 
+49.9983 
-24.9948 
+5.9872 
+0.0009 
-49.9946 
+5.9847 
+24.9998 
-49.9931 
+5.9848 
+49.9972 
-49.9935 
+5.9924 
+0.0026 
+0.0001 
+5.9903 
+25.0010 
+0.0013 
+5.9921 
+50.0028 
+0.0009 
+5.9918 
+0.0003 
-24.9955 
+5.9918 
+50.0026 
-24.9909 
+5.9928 
-0.0027 
-49.9951 
+5.9917 
+24.9995 
-49.9931 
+5.9917 
+49.9981 
-49.9940 
+5.9956 
-0.0010 
+0.0009 
+5.9953 
+25.0016 
+0.0021 
+5.9946 
+50.0031 
+0.0012 
+5.9953 
-0.0006 
-24.9952 
+5.9941 
+50.0004 
-24.9949 
+5.9949 
-0.0010 
-49.9944 
+5.9956 
+24.9994 
-49.9933 
+5.9949 
+49.9989 
-49.9943 
+1.9966 
+14.0010 
-17.0002 
+1.9960 
+21.9995 
+0.0036 
+1.9970 
+0.0004 
-0.0004 
+1.9955 
+10.9994 
-0.0001 
+1.9958 
+21.9997 
-0.0001 
+1.9943 
-0.0006 
-7.9968 
+1.9939 
+10.9985 
-7.9978 
+1.9933 
+21.9980 
-7.9986 
+1.9959 
-0.0034 
-15.9974 
+1.9945 
+10.9952 
-15.9959 
+1.9923 
+21.9969 
-15.9743 
+1.9977 
-0.0002 
-0.0002 
+1.9970 
+10.9991 
-0.0004 
+1.9973 
+21.9991 
-0.0006 
+1.9957 
-0.0007 
-7.9966 
+1.9955 
+10.9977 
-7.9978 
+1.9946 
+21.9976 
-7.9987 
+1.9974 
-0.0036 
-15.9970 
+1.9965 
+10.9954 
-15.9954 
+1.9936 
+21.9961 
-15.9736 
+1.9986 
+0.0000 
-0.0002 
+1.9982 
+10.9988 
-0.0003 
+1.9982 
+21.9983 
-0.0007 
+1.9968 
-0.0004 
-7.9966 
+1.9968 
+10.9977 
-7.9978 
+1.9958 
+21.9969 
-7.9985 
+1.9983 
-0.0033 
-15.9969 
+1.9976 
+10.9954 
-15.9949 
+1.9948 
+21.9957 
-15.9734 
+5.9908 
+1.9960 
+21.9997 
+50.0016 
+0.0011 
+21.9997 
-15.9974 
