+5.9889 
+19.0184 
+24.1322 
+5.9888 
+50.0022 
+0.1715 
+5.9889 
-0.0014 
+0.0004 
+5.9876 
+25.0003 
+0.0005 
+5.9873 
+50.0017 
+0.0001 
+5.9881 
+0.0025 
-25.0005 
+5.9883 
+49.9989 
-24.9996 
+5.9889 
+0.0018 
-50.0011 
+5.9892 
+25.0028 
-49.9980 
+5.9884 
+50.0014 
-50.0012 
+5.9942 
+0.0001 
+0.0007 
+5.9929 
+25.0011 
+0.0012 
+5.9940 
+50.0032 
+0.0005 
+5.9934 
+0.0012 
-25.0000 
+5.9924 
+50.0003 
-24.9988 
+5.9943 
+0.0019 
-50.0019 
+5.9947 
+25.0029 
-49.9991 
+5.9944 
+50.0026 
-50.0015 
+5.9974 
-0.0014 
+0.0010 
+5.9968 
+25.0009 
+0.0016 
+5.9967 
+50.0033 
+0.0007 
+5.9967 
+0.0005 
-24.9998 
+5.9977 
+50.0021 
-24.9999 
+5.9969 
+0.0006 
-50.0024 
+5.9987 
+25.0024 
-49.9996 
+5.9969 
+50.0027 
-50.0017 
+1.9966 
+14.0051 
-17.0051 
+1.9960 
+22.0015 
+0.0028 
+1.9966 
+0.0001 
+0.0000 
+1.9960 
+11.0007 
+0.0000 
+1.9962 
+22.0013 
+0.0000 
+1.9980 
-0.0009 
-8.0007 
+1.9965 
+10.9992 
-8.0017 
+1.9937 
+21.9997 
-7.9991 
+1.9992 
-0.0025 
-16.0023 
+1.9983 
+10.9981 
-16.0004 
+1.9983 
+22.0006 
-15.9764 
+1.9978 
+0.0001 
-0.0001 
+1.9974 
+11.0004 
+0.0004 
+1.9972 
+22.0010 
+0.0000 
+1.9991 
-0.0008 
-8.0003 
+1.9978 
+10.9990 
-8.0016 
+1.9950 
+21.9997 
-7.9989 
+2.0005 
-0.0025 
-16.0020 
+1.9997 
+10.9981 
-15.9999 
+1.9999 
+22.0000 
-15.9761 
+1.9988 
+0.0007 
-0.0001 
+1.9985 
+11.0006 
+0.0003 
+1.9983 
+22.0007 
+0.0000 
+2.0002 
-0.0003 
-8.0002 
+1.9989 
+10.9992 
-8.0013 
+1.9959 
+21.9993 
-7.9986 
+2.0015 
-0.0019 
-16.0014 
+2.0007 
+10.9981 
-15.9993 
+2.0008 
+21.9998 
-15.9755 
+5.9931 
+1.9982 
+22.0013 
+50.0017 
+0.0005 
+22.0013 
-16.0023 
