+5.9871 
+5.9872 
+5.9866 
-0.0003 
-0.0002 
+5.9861 
+25.0021 
-0.0010 
+5.9871 
+50.0028 
+0.0012 
+5.9876 
+0.0033 
-24.9990 
+5.9863 
+50.0038 
-24.9970 
+5.9864 
+0.0045 
-49.9977 
+5.9863 
+25.0073 
-49.9948 
+5.9847 
+50.0055 
-49.9925 
+5.9925 
+0.0020 
-0.0001 
+5.9919 
+25.0035 
-0.0007 
+5.9910 
+50.0025 
+0.0020 
+5.9939 
+0.0034 
-24.9990 
+5.9950 
+50.0079 
-24.9938 
+5.9918 
+0.0054 
-49.9995 
+5.9920 
+25.0065 
-49.9959 
+5.9918 
+50.0063 
-49.9932 
+5.9955 
-0.0002 
+0.0000 
+5.9954 
+25.0032 
+0.0005 
+5.9945 
+50.0029 
+0.0020 
+5.9963 
+0.0019 
-24.9981 
+5.9958 
+50.0048 
-24.9969 
+5.9955 
+0.0025 
-49.9967 
+5.9955 
+25.0061 
-49.9961 
+5.9951 
+50.0070 
-49.9944 
+1.9964 
+14.0049 
-17.0070 
+1.9963 
+22.0007 
+0.0033 
+1.9960 
+0.0000 
-0.0002 
+1.9958 
+10.9999 
+0.0001 
+1.9962 
+22.0006 
+0.0002 
+1.9943 
+0.0001 
-7.9974 
+1.9940 
+11.0001 
-7.9976 
+1.9928 
+22.0007 
-7.9970 
+1.9964 
-0.0011 
-15.9991 
+1.9953 
+10.9981 
-15.9969 
+1.9928 
+21.9994 
-15.9719 
+1.9976 
-0.0001 
-0.0001 
+1.9973 
+10.9994 
+0.0004 
+1.9968 
+21.9994 
+0.0003 
+1.9961 
-0.0003 
-7.9969 
+1.9959 
+10.9999 
-7.9974 
+1.9942 
+22.0003 
-7.9966 
+1.9977 
-0.0014 
-15.9989 
+1.9968 
+10.9981 
-15.9963 
+1.9938 
+21.9990 
-15.9720 
+1.9988 
+0.0004 
+0.0000 
+1.9983 
+10.9998 
+0.0004 
+1.9984 
+21.9999 
+0.0002 
+1.9970 
+0.0004 
-7.9966 
+1.9970 
+11.0003 
-7.9971 
+1.9952 
+22.0003 
-7.9964 
+1.9987 
-0.0006 
-15.9983 
+1.9979 
+10.9986 
-15.9960 
+1.9948 
+21.9991 
-15.9715 
+5.9914 
+1.9961 
+22.0007 
+50.0055 
+0.0012 
+22.0007 
-15.9991 
