+5.9857 
+5.9856 
+5.9867 
+0.0000 
-0.0012 
+5.9893 
+24.9985 
-0.0009 
+5.9889 
+49.9994 
+0.0003 
+5.9865 
+0.0001 
-24.9963 
+5.9860 
+49.9992 
-24.9963 
+5.9872 
-0.0009 
-49.9987 
+5.9869 
+25.0000 
-49.9967 
+5.9855 
+49.9971 
-49.9937 
+5.9933 
-0.0018 
-0.0007 
+5.9925 
+24.9992 
+0.0001 
+5.9916 
+50.0006 
+0.0014 
+5.9926 
-0.0009 
-24.9963 
+5.9898 
+49.9981 
-24.9931 
+5.9929 
-0.0005 
-49.9973 
+5.9928 
+24.9996 
-49.9955 
+5.9910 
+49.9968 
-49.9938 
+5.9963 
-0.0010 
-0.0004 
+5.9959 
+24.9998 
+0.0000 
+5.9950 
+50.0008 
+0.0014 
+5.9954 
-0.0008 
-24.9969 
+5.9939 
+49.9990 
-24.9948 
+5.9958 
-0.0006 
-49.9964 
+5.9960 
+25.0003 
-49.9959 
+5.9946 
+49.9997 
-49.9948 
+1.9957 
+13.9985 
-16.9984 
+1.9960 
+22.0025 
+0.0036 
+1.9960 
-0.0001 
+0.0001 
+1.9953 
+11.0007 
-0.0007 
+1.9960 
+22.0022 
+0.0000 
+1.9940 
+0.0004 
-7.9985 
+1.9938 
+10.9989 
-7.9995 
+1.9942 
+22.0013 
-8.0009 
+1.9914 
-0.0177 
-15.9636 
+1.9953 
+10.9979 
-15.9993 
+1.9956 
+22.0003 
-16.0021 
+1.9974 
+0.0006 
+0.0000 
+1.9963 
+11.0009 
-0.0006 
+1.9972 
+22.0025 
+0.0002 
+1.9951 
+0.0008 
-7.9984 
+1.9950 
+10.9994 
-7.9995 
+1.9956 
+22.0019 
-8.0006 
+1.9924 
-0.0170 
-15.9634 
+1.9965 
+10.9984 
-15.9992 
+1.9968 
+22.0008 
-16.0021 
+1.9983 
+0.0011 
+0.0000 
+1.9979 
+11.0017 
-0.0007 
+1.9983 
+22.0031 
+0.0001 
+1.9963 
+0.0012 
-7.9984 
+1.9970 
+10.9997 
-7.9995 
+1.9966 
+22.0022 
-8.0007 
+1.9934 
-0.0168 
-15.9632 
+1.9975 
+10.9990 
-15.9992 
+1.9978 
+22.0007 
-16.0019 
+5.9915 
+1.9958 
+22.0022 
+49.9994 
+0.0003 
+22.0031 
-16.0021 
