+5.9880 
+20.0893 
+25.4267 
+5.9872 
+49.9975 
+0.0163 
+5.9876 
-0.0010 
+0.0003 
+5.9859 
+24.9989 
-0.0002 
+5.9883 
+49.9983 
-0.0002 
+5.9886 
+0.0031 
-25.0014 
+5.9919 
+50.0021 
-25.0036 
+5.9895 
+0.0024 
-50.0040 
+5.9877 
+25.0024 
-50.0039 
+5.9876 
+50.0015 
-50.0032 
+5.9943 
-0.0001 
+0.0016 
+5.9932 
+25.0001 
-0.0005 
+5.9940 
+49.9990 
+0.0003 
+5.9954 
+0.0037 
-25.0011 
+6.0007 
+50.0055 
-25.0013 
+5.9931 
-0.0001 
-50.0050 
+5.9934 
+25.0004 
-50.0045 
+5.9937 
+49.9990 
-50.0040 
+5.9970 
+0.0009 
+0.0004 
+5.9969 
+25.0012 
-0.0002 
+5.9965 
+50.0004 
+0.0000 
+5.9978 
+0.0031 
-25.0019 
+5.9980 
+50.0019 
-25.0026 
+5.9964 
+0.0037 
-50.0048 
+5.9968 
+25.0029 
-50.0051 
+5.9964 
+50.0024 
-50.0055 
+1.9973 
+13.9920 
-17.0022 
+1.9966 
+22.0036 
+0.0014 
+1.9969 
+0.0001 
-0.0002 
+1.9966 
+11.0020 
-0.0001 
+1.9968 
+22.0036 
+0.0001 
+1.9982 
-0.0004 
-8.0049 
+1.9971 
+11.0016 
-8.0039 
+1.9966 
+22.0036 
-8.0042 
+1.9997 
+0.0008 
-16.0064 
+1.9989 
+11.0027 
-16.0064 
+1.9982 
+22.0046 
-16.0052 
+1.9986 
+0.0004 
+0.0000 
+1.9978 
+11.0019 
+0.0002 
+1.9979 
+22.0037 
+0.0003 
+1.9992 
-0.0001 
-8.0041 
+1.9987 
+11.0015 
-8.0037 
+1.9981 
+22.0033 
-8.0041 
+2.0010 
+0.0007 
-16.0062 
+2.0002 
+11.0029 
-16.0062 
+1.9993 
+22.0045 
-16.0048 
+1.9996 
+0.0005 
-0.0006 
+1.9989 
+11.0017 
-0.0001 
+1.9990 
+22.0029 
-0.0003 
+2.0005 
-0.0002 
-8.0045 
+2.0000 
+11.0013 
-8.0039 
+1.9993 
+22.0026 
-8.0041 
+2.0019 
+0.0007 
-16.0061 
+2.0012 
+11.0026 
-16.0059 
+2.0004 
+22.0036 
-16.0045 
+5.9934 
+1.9989 
+22.0046 
+50.0021 
+0.0003 
+22.0046 
-16.0064 
